<?xml version="1.0" encoding="UTF-8"?>
<!-- Generated by org.testng.reporters.JUnitReportReporter -->
<testsuite hostname="LTIN204090" failures="0" tests="5" name="testclasses.Tc1_UpcomingBikesTest" time="28.526" errors="0" timestamp="2024-02-28T13:34:17 IST" skipped="0">
  <testcase classname="testclasses.Tc1_UpcomingBikesTest" name="NewBikes" time="2.848"/>
  <system-out/>
  <testcase classname="testclasses.Tc1_UpcomingBikesTest" name="upcomingBikes" time="1.801"/>
  <system-out/>
  <testcase classname="testclasses.Tc1_UpcomingBikesTest" name="manufacturerType" time="9.836"/>
  <system-out/>
  <testcase classname="testclasses.Tc1_UpcomingBikesTest" name="scrollBikes" time="0.549"/>
  <system-out/>
  <testcase classname="testclasses.Tc1_UpcomingBikesTest" name="sortBikesPrices" time="13.492"/>
  <system-out/>
</testsuite> <!-- testclasses.Tc1_UpcomingBikesTest -->
