<?xml version="1.0" encoding="UTF-8"?>
<!-- Generated by org.testng.reporters.JUnitReportReporter -->
<testsuite hostname="LTIN204090" failures="0" tests="4" name="testclasses.Tc2_PopularCars" time="17.868" errors="0" timestamp="2024-02-28T13:34:16 IST" skipped="0">
  <testcase classname="testclasses.Tc2_PopularCars" name="navigateHome" time="4.654"/>
  <system-out/>
  <testcase classname="testclasses.Tc2_PopularCars" name="hoverOnCars" time="1.759"/>
  <system-out/>
  <testcase classname="testclasses.Tc2_PopularCars" name="clickChennai" time="9.694"/>
  <system-out/>
  <testcase classname="testclasses.Tc2_PopularCars" name="getPopularCarsData" time="1.761"/>
  <system-out/>
</testsuite> <!-- testclasses.Tc2_PopularCars -->
