<?xml version="1.0" encoding="UTF-8"?>
<!-- Generated by org.testng.reporters.JUnitReportReporter -->
<testsuite hostname="LTIN204090" failures="0" tests="4" name="testclasses.Tc3_LoginPage" time="25.756" errors="0" timestamp="2024-02-28T13:34:17 IST" skipped="0">
  <testcase classname="testclasses.Tc3_LoginPage" name="loginPage" time="10.593"/>
  <system-out/>
  <testcase classname="testclasses.Tc3_LoginPage" name="signInWithGoogle" time="2.574"/>
  <system-out/>
  <testcase classname="testclasses.Tc3_LoginPage" name="setEmailData" time="5.606"/>
  <system-out/>
  <testcase classname="testclasses.Tc3_LoginPage" name="clickNext" time="6.983"/>
  <system-out/>
</testsuite> <!-- testclasses.Tc3_LoginPage -->
